#
# There is insufficient memory for the Java Runtime Environment to continue.
# Native memory allocation (mmap) failed to map 134217728 bytes for Failed to commit area from 0x0000000081e00000 to 0x0000000089e00000 of length 134217728.
# Possible reasons:
#   The system is out of physical RAM or swap space
#   The process is running with CompressedOops enabled, and the Java Heap may be blocking the growth of the native heap
# Possible solutions:
#   Reduce memory load on the system
#   Increase physical memory or swap space
#   Check if swap backing store is full
#   Decrease Java heap size (-Xmx/-Xms)
#   Decrease number of Java threads
#   Decrease Java thread stack sizes (-Xss)
#   Set larger code cache with -XX:ReservedCodeCacheSize=
#   JVM is running with Unscaled Compressed Oops mode in which the Java heap is
#     placed in the first 4GB address space. The Java Heap base address is the
#     maximum limit for the native heap growth. Please use -XX:HeapBaseMinAddress
#     to set the Java Heap base and to place the Java Heap above 4GB virtual address.
# This output file may be truncated or incomplete.
#
#  Out of Memory Error (./open/src/hotspot/os/windows/os_windows.cpp:3315), pid=72356, tid=72388
#
# JRE version:  (14.0.2+12) (build )
# Java VM: Java HotSpot(TM) 64-Bit Server VM (14.0.2+12-46, mixed mode, sharing, tiered, compressed oops, g1 gc, windows-amd64)
# No core dump will be written. Minidumps are not enabled by default on client versions of Windows
#

---------------  S U M M A R Y ------------

Command Line: -Dfile.encoding=Cp1252 -XX:+ShowCodeDetailsInExceptionMessages presentation.controleur.MaBanque

Host: Intel(R) Core(TM) i5-6300U CPU @ 2.40GHz, 4 cores, 7G,  Windows 10 , 64 bit Build 19041 (10.0.19041.928)
Time: Sun Jan 22 22:31:06 2023 Maroc elapsed time: 0 seconds (0d 0h 0m 0s)

---------------  T H R E A D  ---------------

Current thread (0x000001cd2a78e000):  JavaThread "Unknown thread" [_thread_in_vm, id=72388, stack(0x0000007d33200000,0x0000007d33300000)]

Stack: [0x0000007d33200000,0x0000007d33300000]
Native frames: (J=compiled Java code, j=interpreted, Vv=VM code, C=native code)
V  [jvm.dll+0x5f8a9a]
V  [jvm.dll+0x74247a]
V  [jvm.dll+0x743c2f]
V  [jvm.dll+0x744273]
V  [jvm.dll+0x20d288]
V  [jvm.dll+0x5f5dea]
V  [jvm.dll+0x5eac45]
V  [jvm.dll+0x2c7e9c]
V  [jvm.dll+0x2c7cd2]
V  [jvm.dll+0x2cdbbc]
V  [jvm.dll+0x313fe8]
V  [jvm.dll+0x313710]
V  [jvm.dll+0x2a092a]
V  [jvm.dll+0x2a1a79]
V  [jvm.dll+0x71fd48]
V  [jvm.dll+0x321c14]
V  [jvm.dll+0x70112c]
V  [jvm.dll+0x392def]
V  [jvm.dll+0x394e61]
C  [jli.dll+0x524b]
C  [ucrtbase.dll+0x21bb2]
C  [KERNEL32.DLL+0x17034]
C  [ntdll.dll+0x52651]


---------------  P R O C E S S  ---------------

Threads class SMR info:
_java_thread_list=0x00007ffdc16f3038, length=0, elements={
}

Java Threads: ( => current thread )

Other Threads:
  0x000001cd2a8c9800 GCTaskThread "GC Thread#0" [stack: 0x0000007d33300000,0x0000007d33400000] [id=72504]
  0x000001cd2a8de000 ConcurrentGCThread "G1 Main Marker" [stack: 0x0000007d33400000,0x0000007d33500000] [id=72396]
  0x000001cd2a8df800 ConcurrentGCThread "G1 Conc#0" [stack: 0x0000007d33500000,0x0000007d33600000] [id=72464]

[error occurred during error reporting (printing all threads), id 0xc0000005, EXCEPTION_ACCESS_VIOLATION (0xc0000005) at pc=0x00007ffdc0f21257]

VM state:not at safepoint (not fully initialized)

VM Mutex/Monitor currently owned by a thread:  ([mutex/lock_event])
[0x000001cd2a78bd40] Heap_lock - owner thread: 0x000001cd2a78e000

Heap address: 0x0000000081e00000, size: 2018 MB, Compressed Oops mode: 32-bit
Narrow klass base: 0x0000000000000000, Narrow klass shift: 0

GC Heap History (0 events):
No events

Deoptimization events (0 events):
No events

Classes unloaded (0 events):
No events

Classes redefined (0 events):
No events

Internal exceptions (0 events):
No events

Events (2 events):
Event: 0.017 Loaded shared library C:\Program Files\Java\jdk-14.0.2\bin\java.dll
Event: 0.018 Loaded shared library C:\Program Files\Java\jdk-14.0.2\bin\zip.dll


Dynamic libraries:
0x00007ff7dc260000 - 0x00007ff7dc26f000 	C:\Program Files\Java\jdk-14.0.2\bin\javaw.exe
0x00007ffe048b0000 - 0x00007ffe04aa5000 	C:\WINDOWS\SYSTEM32\ntdll.dll
0x00007ffe03fc0000 - 0x00007ffe0407d000 	C:\WINDOWS\System32\KERNEL32.DLL
0x00007ffe023c0000 - 0x00007ffe02688000 	C:\WINDOWS\System32\KERNELBASE.dll
0x00007ffe02760000 - 0x00007ffe02860000 	C:\WINDOWS\System32\ucrtbase.dll
0x00007ffdfb6c0000 - 0x00007ffdfb6d8000 	C:\Program Files\Java\jdk-14.0.2\bin\jli.dll
0x00007ffe04110000 - 0x00007ffe041bc000 	C:\WINDOWS\System32\ADVAPI32.dll
0x00007ffe039a0000 - 0x00007ffe03a3e000 	C:\WINDOWS\System32\msvcrt.dll
0x00007ffe035e0000 - 0x00007ffe0367b000 	C:\WINDOWS\System32\sechost.dll
0x00007ffe03320000 - 0x00007ffe0344b000 	C:\WINDOWS\System32\RPCRT4.dll
0x00007ffe03720000 - 0x00007ffe038c0000 	C:\WINDOWS\System32\USER32.dll
0x00007ffe01ff0000 - 0x00007ffe02012000 	C:\WINDOWS\System32\win32u.dll
0x00007ffe03aa0000 - 0x00007ffe03aca000 	C:\WINDOWS\System32\GDI32.dll
0x00007ffe02080000 - 0x00007ffe0218b000 	C:\WINDOWS\System32\gdi32full.dll
0x00007ffe02690000 - 0x00007ffe0272d000 	C:\WINDOWS\System32\msvcp_win.dll
0x00007ffdfbc60000 - 0x00007ffdfbc75000 	C:\Program Files\Java\jdk-14.0.2\bin\VCRUNTIME140.dll
0x00007ffe01410000 - 0x00007ffe016aa000 	C:\WINDOWS\WinSxS\amd64_microsoft.windows.common-controls_6595b64144ccf1df_6.0.19041.844_none_ca00b6081b84eb1d\COMCTL32.dll
0x00007ffdfbb40000 - 0x00007ffdfbb4a000 	C:\WINDOWS\SYSTEM32\VERSION.dll
0x00007ffe036f0000 - 0x00007ffe03720000 	C:\WINDOWS\System32\IMM32.DLL
0x00007ffdd2910000 - 0x00007ffdd29ab000 	C:\Program Files\Java\jdk-14.0.2\bin\msvcp140.dll
0x00007ffdc0c70000 - 0x00007ffdc178e000 	C:\Program Files\Java\jdk-14.0.2\bin\server\jvm.dll
0x00007ffe03b80000 - 0x00007ffe03b88000 	C:\WINDOWS\System32\PSAPI.DLL
0x00007ffde8a50000 - 0x00007ffde8a59000 	C:\WINDOWS\SYSTEM32\WSOCK32.dll
0x00007ffe03680000 - 0x00007ffe036eb000 	C:\WINDOWS\System32\WS2_32.dll
0x00007ffdf0740000 - 0x00007ffdf0767000 	C:\WINDOWS\SYSTEM32\WINMM.dll
0x00007ffe00250000 - 0x00007ffe00262000 	C:\WINDOWS\SYSTEM32\kernel.appcore.dll
0x00007ffdfd8c0000 - 0x00007ffdfd8ca000 	C:\Program Files\Java\jdk-14.0.2\bin\jimage.dll
0x00007ffe01800000 - 0x00007ffe019e4000 	C:\WINDOWS\SYSTEM32\DBGHELP.DLL
0x00007ffe017d0000 - 0x00007ffe017fc000 	C:\WINDOWS\SYSTEM32\dbgcore.DLL
0x00007ffe022f0000 - 0x00007ffe02370000 	C:\WINDOWS\System32\bcryptPrimitives.dll
0x00007ffdfc3c0000 - 0x00007ffdfc3e5000 	C:\Program Files\Java\jdk-14.0.2\bin\java.dll
0x00007ffdfc670000 - 0x00007ffdfc686000 	C:\Program Files\Java\jdk-14.0.2\bin\zip.dll

dbghelp: loaded successfully - version: 4.0.5 - missing functions: none
symbol engine: initialized successfully - sym options: 0x614 - pdb path: .;C:\Program Files\Java\jdk-14.0.2\bin;C:\WINDOWS\SYSTEM32;C:\WINDOWS\WinSxS\amd64_microsoft.windows.common-controls_6595b64144ccf1df_6.0.19041.844_none_ca00b6081b84eb1d;C:\Program Files\Java\jdk-14.0.2\bin\server

VM Arguments:
jvm_args: -Dfile.encoding=Cp1252 -XX:+ShowCodeDetailsInExceptionMessages 
java_command: presentation.controleur.MaBanque
java_class_path (initial): C:\Users\lenovo\OneDrive\Bureau\4IRR\POO-JAVA\StructureProjet\bin
Launcher Type: SUN_STANDARD

[Global flags]
     intx CICompilerCount                          = 3                                         {product} {ergonomic}
     uint ConcGCThreads                            = 1                                         {product} {ergonomic}
     uint G1ConcRefinementThreads                  = 4                                         {product} {ergonomic}
   size_t G1HeapRegionSize                         = 1048576                                   {product} {ergonomic}
    uintx GCDrainStackTargetSize                   = 64                                        {product} {ergonomic}
   size_t InitialHeapSize                          = 134217728                                 {product} {ergonomic}
   size_t MarkStackSize                            = 4194304                                   {product} {ergonomic}
   size_t MaxHeapSize                              = 2116026368                                {product} {ergonomic}
   size_t MinHeapDeltaBytes                        = 1048576                                   {product} {ergonomic}
   size_t MinHeapSize                              = 8388608                                   {product} {ergonomic}
    uintx NonNMethodCodeHeapSize                   = 5832780                                {pd product} {ergonomic}
    uintx NonProfiledCodeHeapSize                  = 122912730                              {pd product} {ergonomic}
    uintx ProfiledCodeHeapSize                     = 122912730                              {pd product} {ergonomic}
    uintx ReservedCodeCacheSize                    = 251658240                              {pd product} {ergonomic}
     bool SegmentedCodeCache                       = true                                      {product} {ergonomic}
     bool ShowCodeDetailsInExceptionMessages       = true                                   {manageable} {command line}
   size_t SoftMaxHeapSize                          = 2116026368                             {manageable} {ergonomic}
     bool UseCompressedClassPointers               = true                                 {lp64_product} {ergonomic}
     bool UseCompressedOops                        = true                                 {lp64_product} {ergonomic}
     bool UseG1GC                                  = true                                      {product} {ergonomic}
     bool UseLargePagesIndividualAllocation        = false                                  {pd product} {ergonomic}

Logging:
Log output configuration:
 #0: stdout all=warning uptime,level,tags
 #1: stderr all=off uptime,level,tags

Environment Variables:
JAVA_HOME=C:\Program Files\Java\jdk-13.0.2
PATH=C:/Program Files/Java/jdk-14.0.2/bin/server;C:/Program Files/Java/jdk-14.0.2/bin;C:\Program Files (x86)\Microsoft SQL Server\150\DTS\Binn\;C:\Program Files\dotnet\;C:\Program Files\MySQL\MySQL Shell 8.0\bin\;C:\Users\lenovo\AppData\Local\Microsoft\WindowsApps;C:\Users\lenovo\AppData\Local\Programs\Microsoft VS Code\bin;C:\Program Files\JetBrains\IntelliJ IDEA 2020.3\bin;;C:\Users\lenovo\AppData\Local\Programs\MiKTeX\miktex\bin\x64\;C:\Users\lenovo\AppData\Roaming\Composer\vendor\bin;C:\Program Files\JetBrains\IntelliJ IDEA Community Edition 2022.2.3\bin;;C:\Program Files\Azure Data Studio\bin;C:\Users\lenovo\AppData\Roaming\npm;C:\TDM-GCC-64\bin;C:\Flex;C:\Users\lenovo\.dotnet\tools;C:\WINDOWS\system32;
USERNAME=lenovo
OS=Windows_NT
PROCESSOR_IDENTIFIER=Intel64 Family 6 Model 78 Stepping 3, GenuineIntel



---------------  S Y S T E M  ---------------

OS: Windows 10 , 64 bit Build 19041 (10.0.19041.928)
OS uptime: 6 days 3:07 hours

CPU:total 4 (initial active 4) (2 cores per cpu, 2 threads per core) family 6 model 78 stepping 3, cmov, cx8, fxsr, mmx, sse, sse2, sse3, ssse3, sse4.1, sse4.2, popcnt, avx, avx2, aes, clmul, erms, rtm, 3dnowpref, lzcnt, ht, tsc, tscinvbit, bmi1, bmi2, adx, fma

Memory: 4k page, system-wide physical 8071M (326M free)
TotalPageFile size 32623M (AvailPageFile size 55M)
current process WorkingSet (physical memory assigned to process): 10M, peak: 10M
current process commit charge ("private bytes"): 51M, peak: 179M

vm_info: Java HotSpot(TM) 64-Bit Server VM (14.0.2+12-46) for windows-amd64 JRE (14.0.2+12-46), built on Jul  9 2020 00:35:52 by "mach5one" with MS VC++ 15.9 (VS2017)

END.
