#
# There is insufficient memory for the Java Runtime Environment to continue.
# Native memory allocation (mmap) failed to map 134217728 bytes for Failed to commit area from 0x0000000081e00000 to 0x0000000089e00000 of length 134217728.
# Possible reasons:
#   The system is out of physical RAM or swap space
#   The process is running with CompressedOops enabled, and the Java Heap may be blocking the growth of the native heap
# Possible solutions:
#   Reduce memory load on the system
#   Increase physical memory or swap space
#   Check if swap backing store is full
#   Decrease Java heap size (-Xmx/-Xms)
#   Decrease number of Java threads
#   Decrease Java thread stack sizes (-Xss)
#   Set larger code cache with -XX:ReservedCodeCacheSize=
#   JVM is running with Unscaled Compressed Oops mode in which the Java heap is
#     placed in the first 4GB address space. The Java Heap base address is the
#     maximum limit for the native heap growth. Please use -XX:HeapBaseMinAddress
#     to set the Java Heap base and to place the Java Heap above 4GB virtual address.
# This output file may be truncated or incomplete.
#
#  Out of Memory Error (./open/src/hotspot/os/windows/os_windows.cpp:3315), pid=65896, tid=60456
#
# JRE version:  (14.0.2+12) (build )
# Java VM: Java HotSpot(TM) 64-Bit Server VM (14.0.2+12-46, mixed mode, sharing, tiered, compressed oops, g1 gc, windows-amd64)
# No core dump will be written. Minidumps are not enabled by default on client versions of Windows
#

---------------  S U M M A R Y ------------

Command Line: -Dfile.encoding=Cp1252 -XX:+ShowCodeDetailsInExceptionMessages presentation.controleur.MaBanque

Host: Intel(R) Core(TM) i5-6300U CPU @ 2.40GHz, 4 cores, 7G,  Windows 10 , 64 bit Build 19041 (10.0.19041.928)
Time: Sat Jan 14 01:56:57 2023 Maroc elapsed time: 0 seconds (0d 0h 0m 0s)

---------------  T H R E A D  ---------------

Current thread (0x000002a95385b800):  JavaThread "Unknown thread" [_thread_in_vm, id=60456, stack(0x000000f3eb600000,0x000000f3eb700000)]

Stack: [0x000000f3eb600000,0x000000f3eb700000]
Native frames: (J=compiled Java code, j=interpreted, Vv=VM code, C=native code)
V  [jvm.dll+0x5f8a9a]
V  [jvm.dll+0x74247a]
V  [jvm.dll+0x743c2f]
V  [jvm.dll+0x744273]
V  [jvm.dll+0x20d288]
V  [jvm.dll+0x5f5dea]
V  [jvm.dll+0x5eac45]
V  [jvm.dll+0x2c7e9c]
V  [jvm.dll+0x2c7cd2]
V  [jvm.dll+0x2cdbbc]
V  [jvm.dll+0x313fe8]
V  [jvm.dll+0x313710]
V  [jvm.dll+0x2a092a]
V  [jvm.dll+0x2a1a79]
V  [jvm.dll+0x71fd48]
V  [jvm.dll+0x321c14]
V  [jvm.dll+0x70112c]
V  [jvm.dll+0x392def]
V  [jvm.dll+0x394e61]
C  [jli.dll+0x524b]
C  [ucrtbase.dll+0x21bb2]
C  [KERNEL32.DLL+0x17034]
C  [ntdll.dll+0x52651]


---------------  P R O C E S S  ---------------

Threads class SMR info:
_java_thread_list=0x00007fff433c3038, length=0, elements={
}

Java Threads: ( => current thread )

Other Threads:
  0x000002a95389c800 GCTaskThread "GC Thread#0" [stack: 0x000000f3eb700000,0x000000f3eb800000] [id=60620]
  0x000002a9538af000 ConcurrentGCThread "G1 Main Marker" [stack: 0x000000f3eb800000,0x000000f3eb900000] [id=59756]
  0x000002a9538b2000 ConcurrentGCThread "G1 Conc#0" [stack: 0x000000f3eb900000,0x000000f3eba00000] [id=50920]

[error occurred during error reporting (printing all threads), id 0xc0000005, EXCEPTION_ACCESS_VIOLATION (0xc0000005) at pc=0x00007fff42bf1257]

VM state:not at safepoint (not fully initialized)

VM Mutex/Monitor currently owned by a thread:  ([mutex/lock_event])
[0x000002a953857ef0] Heap_lock - owner thread: 0x000002a95385b800

Heap address: 0x0000000081e00000, size: 2018 MB, Compressed Oops mode: 32-bit
Narrow klass base: 0x0000000000000000, Narrow klass shift: 0

GC Heap History (0 events):
No events

Deoptimization events (0 events):
No events

Classes unloaded (0 events):
No events

Classes redefined (0 events):
No events

Internal exceptions (0 events):
No events

Events (2 events):
Event: 0.009 Loaded shared library C:\Program Files\Java\jdk-14.0.2\bin\java.dll
Event: 0.009 Loaded shared library C:\Program Files\Java\jdk-14.0.2\bin\zip.dll


Dynamic libraries:
0x00007ff7b7fa0000 - 0x00007ff7b7faf000 	C:\Program Files\Java\jdk-14.0.2\bin\javaw.exe
0x00007fff83670000 - 0x00007fff83865000 	C:\WINDOWS\SYSTEM32\ntdll.dll
0x00007fff81970000 - 0x00007fff81a2d000 	C:\WINDOWS\System32\KERNEL32.DLL
0x00007fff80f10000 - 0x00007fff811d8000 	C:\WINDOWS\System32\KERNELBASE.dll
0x00007fff811e0000 - 0x00007fff812e0000 	C:\WINDOWS\System32\ucrtbase.dll
0x00007fff4e450000 - 0x00007fff4e468000 	C:\Program Files\Java\jdk-14.0.2\bin\jli.dll
0x00007fff4de00000 - 0x00007fff4de15000 	C:\Program Files\Java\jdk-14.0.2\bin\VCRUNTIME140.dll
0x00007fff81730000 - 0x00007fff817dc000 	C:\WINDOWS\System32\ADVAPI32.dll
0x00007fff81a30000 - 0x00007fff81ace000 	C:\WINDOWS\System32\msvcrt.dll
0x00007fff83590000 - 0x00007fff8362b000 	C:\WINDOWS\System32\sechost.dll
0x00007fff81ad0000 - 0x00007fff81bfb000 	C:\WINDOWS\System32\RPCRT4.dll
0x00007fff81c00000 - 0x00007fff81da0000 	C:\WINDOWS\System32\USER32.dll
0x00007fff814b0000 - 0x00007fff814d2000 	C:\WINDOWS\System32\win32u.dll
0x00007fff817e0000 - 0x00007fff8180a000 	C:\WINDOWS\System32\GDI32.dll
0x00007fff814e0000 - 0x00007fff815eb000 	C:\WINDOWS\System32\gdi32full.dll
0x00007fff81410000 - 0x00007fff814ad000 	C:\WINDOWS\System32\msvcp_win.dll
0x00007fff66cf0000 - 0x00007fff66f8a000 	C:\WINDOWS\WinSxS\amd64_microsoft.windows.common-controls_6595b64144ccf1df_6.0.19041.844_none_ca00b6081b84eb1d\COMCTL32.dll
0x00007fff7edb0000 - 0x00007fff7edba000 	C:\WINDOWS\SYSTEM32\VERSION.dll
0x00007fff82f80000 - 0x00007fff82fb0000 	C:\WINDOWS\System32\IMM32.DLL
0x00007fff4dd60000 - 0x00007fff4ddfb000 	C:\Program Files\Java\jdk-14.0.2\bin\msvcp140.dll
0x00007fff42940000 - 0x00007fff4345e000 	C:\Program Files\Java\jdk-14.0.2\bin\server\jvm.dll
0x00007fff81810000 - 0x00007fff81818000 	C:\WINDOWS\System32\PSAPI.DLL
0x00007fff66970000 - 0x00007fff66979000 	C:\WINDOWS\SYSTEM32\WSOCK32.dll
0x00007fff70520000 - 0x00007fff70547000 	C:\WINDOWS\SYSTEM32\WINMM.dll
0x00007fff81da0000 - 0x00007fff81e0b000 	C:\WINDOWS\System32\WS2_32.dll
0x00007fff7f660000 - 0x00007fff7f672000 	C:\WINDOWS\SYSTEM32\kernel.appcore.dll
0x00007fff7ee30000 - 0x00007fff7ee3a000 	C:\Program Files\Java\jdk-14.0.2\bin\jimage.dll
0x00007fff7e2f0000 - 0x00007fff7e4d4000 	C:\WINDOWS\SYSTEM32\DBGHELP.DLL
0x00007fff6c960000 - 0x00007fff6c98c000 	C:\WINDOWS\SYSTEM32\dbgcore.DLL
0x00007fff81650000 - 0x00007fff816d0000 	C:\WINDOWS\System32\bcryptPrimitives.dll
0x00007fff7ba60000 - 0x00007fff7ba85000 	C:\Program Files\Java\jdk-14.0.2\bin\java.dll
0x00007fff7e960000 - 0x00007fff7e976000 	C:\Program Files\Java\jdk-14.0.2\bin\zip.dll

dbghelp: loaded successfully - version: 4.0.5 - missing functions: none
symbol engine: initialized successfully - sym options: 0x614 - pdb path: .;C:\Program Files\Java\jdk-14.0.2\bin;C:\WINDOWS\SYSTEM32;C:\WINDOWS\WinSxS\amd64_microsoft.windows.common-controls_6595b64144ccf1df_6.0.19041.844_none_ca00b6081b84eb1d;C:\Program Files\Java\jdk-14.0.2\bin\server

VM Arguments:
jvm_args: -Dfile.encoding=Cp1252 -XX:+ShowCodeDetailsInExceptionMessages 
java_command: presentation.controleur.MaBanque
java_class_path (initial): C:\Users\lenovo\OneDrive\Bureau\4IRR\POO-JAVA\StructureProjet\bin
Launcher Type: SUN_STANDARD

[Global flags]
     intx CICompilerCount                          = 3                                         {product} {ergonomic}
     uint ConcGCThreads                            = 1                                         {product} {ergonomic}
     uint G1ConcRefinementThreads                  = 4                                         {product} {ergonomic}
   size_t G1HeapRegionSize                         = 1048576                                   {product} {ergonomic}
    uintx GCDrainStackTargetSize                   = 64                                        {product} {ergonomic}
   size_t InitialHeapSize                          = 134217728                                 {product} {ergonomic}
   size_t MarkStackSize                            = 4194304                                   {product} {ergonomic}
   size_t MaxHeapSize                              = 2116026368                                {product} {ergonomic}
   size_t MinHeapDeltaBytes                        = 1048576                                   {product} {ergonomic}
   size_t MinHeapSize                              = 8388608                                   {product} {ergonomic}
    uintx NonNMethodCodeHeapSize                   = 5832780                                {pd product} {ergonomic}
    uintx NonProfiledCodeHeapSize                  = 122912730                              {pd product} {ergonomic}
    uintx ProfiledCodeHeapSize                     = 122912730                              {pd product} {ergonomic}
    uintx ReservedCodeCacheSize                    = 251658240                              {pd product} {ergonomic}
     bool SegmentedCodeCache                       = true                                      {product} {ergonomic}
     bool ShowCodeDetailsInExceptionMessages       = true                                   {manageable} {command line}
   size_t SoftMaxHeapSize                          = 2116026368                             {manageable} {ergonomic}
     bool UseCompressedClassPointers               = true                                 {lp64_product} {ergonomic}
     bool UseCompressedOops                        = true                                 {lp64_product} {ergonomic}
     bool UseG1GC                                  = true                                      {product} {ergonomic}
     bool UseLargePagesIndividualAllocation        = false                                  {pd product} {ergonomic}

Logging:
Log output configuration:
 #0: stdout all=warning uptime,level,tags
 #1: stderr all=off uptime,level,tags

Environment Variables:
JAVA_HOME=C:\Program Files\Java\jdk-13.0.2
PATH=C:/Program Files/Java/jdk-14.0.2/bin/server;C:/Program Files/Java/jdk-14.0.2/bin;C:\Program Files (x86)\Microsoft SQL Server\150\DTS\Binn\;C:\Program Files\MySQL\MySQL Shell 8.0\bin\;C:\Users\lenovo\AppData\Local\Microsoft\WindowsApps;C:\Users\lenovo\AppData\Local\Programs\Microsoft VS Code\bin;C:\Program Files\JetBrains\IntelliJ IDEA 2020.3\bin;;C:\Users\lenovo\AppData\Local\Programs\MiKTeX\miktex\bin\x64\;C:\Users\lenovo\AppData\Roaming\Composer\vendor\bin;C:\Program Files\JetBrains\IntelliJ IDEA Community Edition 2022.2.3\bin;;C:\Program Files\Azure Data Studio\bin;C:\Users\lenovo\.dotnet\tools;C:\Users\lenovo\AppData\Roaming\npm;C:\TDM-GCC-64\bin;C:\Flex;;C:\WINDOWS\system32;
USERNAME=lenovo
OS=Windows_NT
PROCESSOR_IDENTIFIER=Intel64 Family 6 Model 78 Stepping 3, GenuineIntel



---------------  S Y S T E M  ---------------

OS: Windows 10 , 64 bit Build 19041 (10.0.19041.928)
OS uptime: 5 days 9:59 hours

CPU:total 4 (initial active 4) (2 cores per cpu, 2 threads per core) family 6 model 78 stepping 3, cmov, cx8, fxsr, mmx, sse, sse2, sse3, ssse3, sse4.1, sse4.2, popcnt, avx, avx2, aes, clmul, erms, rtm, 3dnowpref, lzcnt, ht, tsc, tscinvbit, bmi1, bmi2, adx, fma

Memory: 4k page, system-wide physical 8071M (613M free)
TotalPageFile size 32647M (AvailPageFile size 84M)
current process WorkingSet (physical memory assigned to process): 10M, peak: 10M
current process commit charge ("private bytes"): 52M, peak: 180M

vm_info: Java HotSpot(TM) 64-Bit Server VM (14.0.2+12-46) for windows-amd64 JRE (14.0.2+12-46), built on Jul  9 2020 00:35:52 by "mach5one" with MS VC++ 15.9 (VS2017)

END.
